<?xml version="1.0" encoding="UTF-8"?>
<!-- Generated by org.testng.reporters.JUnitXMLReporter -->
<testsuite ignored="0" hostname="DESKTOP-69BHCVS" failures="0" tests="3" name="Testrun1" time="73.955" errors="0" timestamp="2024-01-17T18:03:39 IST">
  <testcase classname="admin.WishlistToCartTest" name="wishlistToCartTest" time="29.354"/>
  <testcase classname="admin.TrackUserLoginTest" name="trackUserLoginTest" time="30.241"/>
  <testcase classname="admin.ManageProductsTest" name="manageProductsTest" time="10.724"/>
</testsuite> <!-- Testrun1 -->
