<?xml version="1.0" encoding="UTF-8"?>
<!-- Generated by org.testng.reporters.JUnitXMLReporter -->
<testsuite ignored="2" hostname="DESKTOP-69BHCVS" failures="0" tests="2" name="Test2" time="58.845" errors="0" timestamp="2024-01-19T17:49:52 IST">
  <testcase classname="admin.ManageProductsTest" name="manageProductsTest" time="29.752"/>
  <testcase classname="admin.ManageProductTest" name="manageProductTest" time="1.326"/>
  <testcase classname="com.genericUtility.BaseClass" name="@AfterSuite config_as" time="0.0">
    <ignored/>
  </testcase> <!-- @AfterSuite config_as -->
  <testcase classname="com.genericUtility.BaseClass" name="@BeforeSuite config_bs" time="0.0">
    <ignored/>
  </testcase> <!-- @BeforeSuite config_bs -->
</testsuite> <!-- Test2 -->
