<?xml version="1.0" encoding="UTF-8"?>
<!-- Generated by org.testng.reporters.JUnitXMLReporter -->
<testsuite ignored="0" hostname="DESKTOP-69BHCVS" failures="0" tests="3" name="Test3" time="107.341" errors="0" timestamp="2024-01-19T17:50:40 IST">
  <testcase classname="admin.WishlistToCartTest" name="wishlistToCartTest" time="54.832"/>
  <testcase classname="admin.TrackUserLoginTest" name="trackUserLoginTest" time="34.985"/>
  <testcase classname="admin.OrderHistoryTest" name="orderHistoryTest" time="16.775"/>
</testsuite> <!-- Test3 -->
