<?xml version="1.0" encoding="UTF-8"?>
<!-- Generated by org.testng.reporters.JUnitXMLReporter -->
<testsuite ignored="0" hostname="DESKTOP-69BHCVS" failures="0" tests="12" name="Test" time="0.174" errors="0" timestamp="2024-01-23T15:28:04 IST">
  <testcase classname="com.TestNG.BDemoTest" name="sample2Test" time="0.023"/>
  <testcase classname="com.TestNG.SampleTest" name="sample1Test" time="0.023"/>
  <testcase classname="com.TestNG.ADemoTest" name="demo1Test" time="0.023"/>
  <testcase classname="com.TestNG.ADemoTest" name="demo2Test" time="0.003"/>
  <testcase classname="com.TestNG.BDemoTest" name="sample3Test" time="0.008"/>
  <testcase classname="com.TestNG.DemoTest" name="demo1Test" time="0.019"/>
  <testcase classname="com.TestNG.SampleTest" name="sample2Test" time="0.033"/>
  <testcase classname="com.TestNG.SampleTest" name="sample3Test" time="0.002"/>
  <testcase classname="com.TestNG.DemoTest" name="demo2Test" time="0.003"/>
  <testcase classname="com.TestNG.SampleTest" name="sample4Test" time="0.003"/>
  <testcase classname="com.TestNG.DemoTest" name="demo3Test" time="0.003"/>
  <testcase classname="com.TestNG.DemoTest" name="demo4Test" time="0.002"/>
</testsuite> <!-- Test -->
